Building DAG of jobs...
Using shell: /bin/bash
Provided cluster nodes: 50
Job stats:
job                    count    min threads    max threads
-------------------  -------  -------------  -------------
age_analysis               1              1              1
age_state_analysis         1              1              1
all                        1              1              1
census_div_analysis        1              1              1
clean_data                 1              1              1
database                   1              1              1
state_analysis             1              1              1
total                      7              1              1

Select jobs to execute...

[Tue Mar 18 22:34:11 2025]
rule database:
    output: results/USA/db_built.txt
    jobid: 5
    reason: Missing output files: results/USA/db_built.txt
    wildcards: scenario=USA
    resources: mem_mb=64000, disk_mb=16000, tmpdir=<TBD>, threads=16


        ./scripts/init_db.sh -s USA
        
Submitted job 5 with external jobid 'Submitted batch job 15156653'.
[Wed Mar 19 01:01:51 2025]
Finished job 5.
1 of 7 steps (14%) done
Select jobs to execute...

[Wed Mar 19 01:01:51 2025]
rule clean_data:
    input: results/USA/db_built.txt
    output: results/USA/data_cleaned.txt
    jobid: 4
    reason: Missing output files: results/USA/data_cleaned.txt; Input files updated by another job: results/USA/db_built.txt
    wildcards: scenario=USA
    resources: mem_mb=64000, disk_mb=16000, tmpdir=<TBD>, threads=16


        Rscript ./scripts/clean_data.R --scenario USA
        
Submitted job 4 with external jobid 'Submitted batch job 15165091'.
[Wed Mar 19 01:53:34 2025]
Error in rule clean_data:
    jobid: 4
    input: results/USA/db_built.txt
    output: results/USA/data_cleaned.txt
    shell:
        
        Rscript ./scripts/clean_data.R --scenario USA
        
        (one of the commands exited with non-zero exit code; note that snakemake uses bash strict mode!)
    cluster_jobid: Submitted batch job 15165091

Error executing rule clean_data on cluster (jobid: 4, external: Submitted batch job 15165091, jobscript: /home/abemania/proj/ncov-usa-mig/.snakemake/tmp.9t4fs9ab/snakejob.clean_data.4.sh). For error details see the cluster log and the log files of the involved rule(s).
Trying to restart job 4.
Select jobs to execute...

[Wed Mar 19 01:53:34 2025]
rule clean_data:
    input: results/USA/db_built.txt
    output: results/USA/data_cleaned.txt
    jobid: 4
    reason: Missing output files: results/USA/data_cleaned.txt; Input files updated by another job: results/USA/db_built.txt
    wildcards: scenario=USA
    resources: mem_mb=64000, disk_mb=16000, tmpdir=<TBD>, threads=16


        Rscript ./scripts/clean_data.R --scenario USA
        
Submitted job 4 with external jobid 'Submitted batch job 15166277'.
[Wed Mar 19 02:33:16 2025]
Error in rule clean_data:
    jobid: 4
    input: results/USA/db_built.txt
    output: results/USA/data_cleaned.txt
    shell:
        
        Rscript ./scripts/clean_data.R --scenario USA
        
        (one of the commands exited with non-zero exit code; note that snakemake uses bash strict mode!)
    cluster_jobid: Submitted batch job 15166277

Error executing rule clean_data on cluster (jobid: 4, external: Submitted batch job 15166277, jobscript: /home/abemania/proj/ncov-usa-mig/.snakemake/tmp.9t4fs9ab/snakejob.clean_data.4.sh). For error details see the cluster log and the log files of the involved rule(s).
Trying to restart job 4.
Select jobs to execute...

[Wed Mar 19 02:33:16 2025]
rule clean_data:
    input: results/USA/db_built.txt
    output: results/USA/data_cleaned.txt
    jobid: 4
    reason: Missing output files: results/USA/data_cleaned.txt; Input files updated by another job: results/USA/db_built.txt
    wildcards: scenario=USA
    resources: mem_mb=64000, disk_mb=16000, tmpdir=<TBD>, threads=16


        Rscript ./scripts/clean_data.R --scenario USA
        
Submitted job 4 with external jobid 'Submitted batch job 15173727'.
[Wed Mar 19 03:20:59 2025]
Error in rule clean_data:
    jobid: 4
    input: results/USA/db_built.txt
    output: results/USA/data_cleaned.txt
    shell:
        
        Rscript ./scripts/clean_data.R --scenario USA
        
        (one of the commands exited with non-zero exit code; note that snakemake uses bash strict mode!)
    cluster_jobid: Submitted batch job 15173727

Error executing rule clean_data on cluster (jobid: 4, external: Submitted batch job 15173727, jobscript: /home/abemania/proj/ncov-usa-mig/.snakemake/tmp.9t4fs9ab/snakejob.clean_data.4.sh). For error details see the cluster log and the log files of the involved rule(s).
Exiting because a job execution failed. Look above for error message
Complete log: .snakemake/log/2025-03-18T223410.746727.snakemake.log
